<?xml version="1.0" encoding="UTF-8" ?>
<testsuite tests="21" failures="0" name="javax.el.TestArrayELResolver" time="0.017" errors="2" skipped="0">
  <properties>
[...]
</properties>
  <testcase classname="javax.el.TestArrayELResolver" name="testSetValue01" time="0"/>
  <testcase classname="javax.el.TestArrayELResolver" name="testSetValue02" time="0.001"/>
  <testcase classname="javax.el.TestArrayELResolver" name="testSetValue03" time="0.006">
    <error message="Unexpected exception, expected&lt;javax.el.PropertyNotWritableException&gt; but was&lt;java.util.MissingResourceException&gt;" type="java.lang.Exception">java.lang.Exception: Unexpected exception, expected&lt;javax.el.PropertyNotWritableException&gt; but was&lt;java.util.MissingResourceException&gt;
	at org.junit.internal.runners.statements.ExpectException.evaluate(ExpectException.java:28)
	at org.junit.runners.ParentRunner.runLeaf(ParentRunner.java:271)
	at org.junit.runners.BlockJUnit4ClassRunner.runChild(BlockJUnit4ClassRunner.java:70)
	at org.junit.runners.BlockJUnit4ClassRunner.runChild(BlockJUnit4ClassRunner.java:50)
	at org.junit.runners.ParentRunner$3.run(ParentRunner.java:238)
	at org.junit.runners.ParentRunner$1.schedule(ParentRunner.java:63)
	at org.junit.runners.ParentRunner.runChildren(ParentRunner.java:236)
	at org.junit.runners.ParentRunner.access$000(ParentRunner.java:53)
	at org.junit.runners.ParentRunner$2.evaluate(ParentRunner.java:229)
	at org.junit.runners.ParentRunner.run(ParentRunner.java:309)
	at org.apache.maven.surefire.junit4.JUnit4Provider.execute(JUnit4Provider.java:252)
	at org.apache.maven.surefire.junit4.JUnit4Provider.executeTestSet(JUnit4Provider.java:141)
	at org.apache.maven.surefire.junit4.JUnit4Provider.invoke(JUnit4Provider.java:112)
	at sun.reflect.NativeMethodAccessorImpl.invoke0(Native Method)
	at sun.reflect.NativeMethodAccessorImpl.invoke(NativeMethodAccessorImpl.java:62)
	at sun.reflect.DelegatingMethodAccessorImpl.invoke(DelegatingMethodAccessorImpl.java:43)
	at java.lang.reflect.Method.invoke(Method.java:498)
	at org.apache.maven.surefire.util.ReflectionUtils.invokeMethodWithArray(ReflectionUtils.java:189)
	at org.apache.maven.surefire.booter.ProviderFactory$ProviderProxy.invoke(ProviderFactory.java:165)
	at org.apache.maven.surefire.booter.ProviderFactory.invokeProvider(ProviderFactory.java:85)
	at org.apache.maven.surefire.booter.ForkedBooter.runSuitesInProcess(ForkedBooter.java:115)
	at org.apache.maven.surefire.booter.ForkedBooter.main(ForkedBooter.java:75)
Caused by: java.util.MissingResourceException: Can&apos;t find bundle for base name javax.el.LocalStrings, locale en_US
	at java.util.ResourceBundle.throwMissingResourceException(ResourceBundle.java:1564)
	at java.util.ResourceBundle.getBundleImpl(ResourceBundle.java:1387)
	at java.util.ResourceBundle.getBundle(ResourceBundle.java:845)
	at javax.el.ELResolver.message(ELResolver.java:40)
	at javax.el.ArrayELResolver.setValue(ArrayELResolver.java:84)
	at javax.el.TestArrayELResolver.testSetValue03(TestArrayELResolver.java:162)
	at sun.reflect.NativeMethodAccessorImpl.invoke0(Native Method)
	at sun.reflect.NativeMethodAccessorImpl.invoke(NativeMethodAccessorImpl.java:62)
	at sun.reflect.DelegatingMethodAccessorImpl.invoke(DelegatingMethodAccessorImpl.java:43)
	at java.lang.reflect.Method.invoke(Method.java:498)
	at org.junit.runners.model.FrameworkMethod$1.runReflectiveCall(FrameworkMethod.java:47)
	at org.junit.internal.runners.model.ReflectiveCallable.run(ReflectiveCallable.java:12)
	at org.junit.runners.model.FrameworkMethod.invokeExplosively(FrameworkMethod.java:44)
	at org.junit.internal.runners.statements.InvokeMethod.evaluate(InvokeMethod.java:17)
	at org.junit.internal.runners.statements.ExpectException.evaluate(ExpectException.java:19)
	... 21 more
</error>
  </testcase>
  <testcase classname="javax.el.TestArrayELResolver" name="testSetValue04" time="0.001"/>
  <testcase classname="javax.el.TestArrayELResolver" name="testSetValue05" time="0.001"/>
  <testcase classname="javax.el.TestArrayELResolver" name="testSetValue06" time="0.001"/>
  <testcase classname="javax.el.TestArrayELResolver" name="testSetValue07" time="0.001">
    <error message="Unexpected exception, expected&lt;java.lang.ClassCastException&gt; but was&lt;java.util.MissingResourceException&gt;" type="java.lang.Exception">java.lang.Exception: Unexpected exception, expected&lt;java.lang.ClassCastException&gt; but was&lt;java.util.MissingResourceException&gt;
	at org.junit.internal.runners.statements.ExpectException.evaluate(ExpectException.java:28)
	at org.junit.runners.ParentRunner.runLeaf(ParentRunner.java:271)
	at org.junit.runners.BlockJUnit4ClassRunner.runChild(BlockJUnit4ClassRunner.java:70)
	at org.junit.runners.BlockJUnit4ClassRunner.runChild(BlockJUnit4ClassRunner.java:50)
	at org.junit.runners.ParentRunner$3.run(ParentRunner.java:238)
	at org.junit.runners.ParentRunner$1.schedule(ParentRunner.java:63)
	at org.junit.runners.ParentRunner.runChildren(ParentRunner.java:236)
	at org.junit.runners.ParentRunner.access$000(ParentRunner.java:53)
	at org.junit.runners.ParentRunner$2.evaluate(ParentRunner.java:229)
	at org.junit.runners.ParentRunner.run(ParentRunner.java:309)
	at org.apache.maven.surefire.junit4.JUnit4Provider.execute(JUnit4Provider.java:252)
	at org.apache.maven.surefire.junit4.JUnit4Provider.executeTestSet(JUnit4Provider.java:141)
	at org.apache.maven.surefire.junit4.JUnit4Provider.invoke(JUnit4Provider.java:112)
	at sun.reflect.NativeMethodAccessorImpl.invoke0(Native Method)
	at sun.reflect.NativeMethodAccessorImpl.invoke(NativeMethodAccessorImpl.java:62)
	at sun.reflect.DelegatingMethodAccessorImpl.invoke(DelegatingMethodAccessorImpl.java:43)
	at java.lang.reflect.Method.invoke(Method.java:498)
	at org.apache.maven.surefire.util.ReflectionUtils.invokeMethodWithArray(ReflectionUtils.java:189)
	at org.apache.maven.surefire.booter.ProviderFactory$ProviderProxy.invoke(ProviderFactory.java:165)
	at org.apache.maven.surefire.booter.ProviderFactory.invokeProvider(ProviderFactory.java:85)
	at org.apache.maven.surefire.booter.ForkedBooter.runSuitesInProcess(ForkedBooter.java:115)
	at org.apache.maven.surefire.booter.ForkedBooter.main(ForkedBooter.java:75)
Caused by: java.util.MissingResourceException: Can&apos;t find bundle for base name javax.el.LocalStrings, locale en_US
	at java.util.ResourceBundle.throwMissingResourceException(ResourceBundle.java:1564)
	at java.util.ResourceBundle.getBundleImpl(ResourceBundle.java:1387)
	at java.util.ResourceBundle.getBundle(ResourceBundle.java:845)
	at javax.el.ELResolver.message(ELResolver.java:40)
	at javax.el.ArrayELResolver.setValue(ArrayELResolver.java:93)
	at javax.el.TestArrayELResolver.testSetValue07(TestArrayELResolver.java:221)
	at sun.reflect.NativeMethodAccessorImpl.invoke0(Native Method)
	at sun.reflect.NativeMethodAccessorImpl.invoke(NativeMethodAccessorImpl.java:62)
	at sun.reflect.DelegatingMethodAccessorImpl.invoke(DelegatingMethodAccessorImpl.java:43)
	at java.lang.reflect.Method.invoke(Method.java:498)
	at org.junit.runners.model.FrameworkMethod$1.runReflectiveCall(FrameworkMethod.java:47)
	at org.junit.internal.runners.model.ReflectiveCallable.run(ReflectiveCallable.java:12)
	at org.junit.runners.model.FrameworkMethod.invokeExplosively(FrameworkMethod.java:44)
	at org.junit.internal.runners.statements.InvokeMethod.evaluate(InvokeMethod.java:17)
	at org.junit.internal.runners.statements.ExpectException.evaluate(ExpectException.java:19)
	... 21 more
</error>
  </testcase>
  <testcase classname="javax.el.TestArrayELResolver" name="testSetValue08" time="0"/>
  <testcase classname="javax.el.TestArrayELResolver" name="testIsReadOnly01" time="0"/>
  <testcase classname="javax.el.TestArrayELResolver" name="testIsReadOnly02" time="0"/>
  <testcase classname="javax.el.TestArrayELResolver" name="testIsReadOnly03" time="0"/>
  <testcase classname="javax.el.TestArrayELResolver" name="testIsReadOnly04" time="0"/>
  <testcase classname="javax.el.TestArrayELResolver" name="testGetValue01" time="0"/>
  <testcase classname="javax.el.TestArrayELResolver" name="testGetValue02" time="0"/>
  <testcase classname="javax.el.TestArrayELResolver" name="testGetValue03" time="0.005"/>
  <testcase classname="javax.el.TestArrayELResolver" name="testGetValue04" time="0.001"/>
  <testcase classname="javax.el.TestArrayELResolver" name="testGetValue05" time="0"/>
  <testcase classname="javax.el.TestArrayELResolver" name="testGetType01" time="0"/>
  <testcase classname="javax.el.TestArrayELResolver" name="testGetType02" time="0"/>
  <testcase classname="javax.el.TestArrayELResolver" name="testGetType03" time="0"/>
  <testcase classname="javax.el.TestArrayELResolver" name="testGetType04" time="0"/>
</testsuite>