<?xml version="1.0" encoding="UTF-8" ?>
<testsuite tests="17" failures="0" name="org.apache.el.TestELEvaluation" time="0.158" errors="2" skipped="0">
  <properties>
[...]
</properties>
  <testcase classname="org.apache.el.TestELEvaluation" name="testParserStringLiteral" time="0.116">
    <error message="Could not initialize class org.apache.el.util.MessageFactory" type="java.lang.NoClassDefFoundError">java.lang.NoClassDefFoundError: Could not initialize class org.apache.el.util.MessageFactory
	at org.apache.el.lang.ExpressionBuilder.createNodeInternal(ExpressionBuilder.java:147)
	at org.apache.el.lang.ExpressionBuilder.build(ExpressionBuilder.java:172)
	at org.apache.el.lang.ExpressionBuilder.createValueExpression(ExpressionBuilder.java:218)
	at org.apache.el.ExpressionFactoryImpl.createValueExpression(ExpressionFactoryImpl.java:68)
	at org.apache.el.TestELEvaluation.evaluateExpression(TestELEvaluation.java:255)
	at org.apache.el.TestELEvaluation.testParserStringLiteral(TestELEvaluation.java:144)
	at sun.reflect.NativeMethodAccessorImpl.invoke0(Native Method)
	at sun.reflect.NativeMethodAccessorImpl.invoke(NativeMethodAccessorImpl.java:62)
	at sun.reflect.DelegatingMethodAccessorImpl.invoke(DelegatingMethodAccessorImpl.java:43)
	at java.lang.reflect.Method.invoke(Method.java:498)
	at org.junit.runners.model.FrameworkMethod$1.runReflectiveCall(FrameworkMethod.java:47)
	at org.junit.internal.runners.model.ReflectiveCallable.run(ReflectiveCallable.java:12)
	at org.junit.runners.model.FrameworkMethod.invokeExplosively(FrameworkMethod.java:44)
	at org.junit.internal.runners.statements.InvokeMethod.evaluate(InvokeMethod.java:17)
	at org.junit.runners.ParentRunner.runLeaf(ParentRunner.java:271)
	at org.junit.runners.BlockJUnit4ClassRunner.runChild(BlockJUnit4ClassRunner.java:70)
	at org.junit.runners.BlockJUnit4ClassRunner.runChild(BlockJUnit4ClassRunner.java:50)
	at org.junit.runners.ParentRunner$3.run(ParentRunner.java:238)
	at org.junit.runners.ParentRunner$1.schedule(ParentRunner.java:63)
	at org.junit.runners.ParentRunner.runChildren(ParentRunner.java:236)
	at org.junit.runners.ParentRunner.access$000(ParentRunner.java:53)
	at org.junit.runners.ParentRunner$2.evaluate(ParentRunner.java:229)
	at org.junit.runners.ParentRunner.run(ParentRunner.java:309)
	at org.apache.maven.surefire.junit4.JUnit4Provider.execute(JUnit4Provider.java:252)
	at org.apache.maven.surefire.junit4.JUnit4Provider.executeTestSet(JUnit4Provider.java:141)
	at org.apache.maven.surefire.junit4.JUnit4Provider.invoke(JUnit4Provider.java:112)
	at sun.reflect.NativeMethodAccessorImpl.invoke0(Native Method)
	at sun.reflect.NativeMethodAccessorImpl.invoke(NativeMethodAccessorImpl.java:62)
	at sun.reflect.DelegatingMethodAccessorImpl.invoke(DelegatingMethodAccessorImpl.java:43)
	at java.lang.reflect.Method.invoke(Method.java:498)
	at org.apache.maven.surefire.util.ReflectionUtils.invokeMethodWithArray(ReflectionUtils.java:189)
	at org.apache.maven.surefire.booter.ProviderFactory$ProviderProxy.invoke(ProviderFactory.java:165)
	at org.apache.maven.surefire.booter.ProviderFactory.invokeProvider(ProviderFactory.java:85)
	at org.apache.maven.surefire.booter.ForkedBooter.runSuitesInProcess(ForkedBooter.java:115)
	at org.apache.maven.surefire.booter.ForkedBooter.main(ForkedBooter.java:75)
</error>
  </testcase>
  <testcase classname="org.apache.el.TestELEvaluation" name="testBug42565" time="0.015"/>
  <testcase classname="org.apache.el.TestELEvaluation" name="testBug44994" time="0.004"/>
  <testcase classname="org.apache.el.TestELEvaluation" name="testBug48112" time="0.003"/>
  <testcase classname="org.apache.el.TestELEvaluation" name="testMixedTypes" time="0.004">
    <error message="Could not initialize class org.apache.el.util.MessageFactory" type="java.lang.NoClassDefFoundError">java.lang.NoClassDefFoundError: Could not initialize class org.apache.el.util.MessageFactory
	at org.apache.el.lang.ExpressionBuilder.createNodeInternal(ExpressionBuilder.java:133)
	at org.apache.el.lang.ExpressionBuilder.build(ExpressionBuilder.java:172)
	at org.apache.el.lang.ExpressionBuilder.createValueExpression(ExpressionBuilder.java:218)
	at org.apache.el.ExpressionFactoryImpl.createValueExpression(ExpressionFactoryImpl.java:68)
	at org.apache.el.TestELEvaluation.evaluateExpression(TestELEvaluation.java:255)
	at org.apache.el.TestELEvaluation.testMixedTypes(TestELEvaluation.java:197)
	at sun.reflect.NativeMethodAccessorImpl.invoke0(Native Method)
	at sun.reflect.NativeMethodAccessorImpl.invoke(NativeMethodAccessorImpl.java:62)
	at sun.reflect.DelegatingMethodAccessorImpl.invoke(DelegatingMethodAccessorImpl.java:43)
	at java.lang.reflect.Method.invoke(Method.java:498)
	at org.junit.runners.model.FrameworkMethod$1.runReflectiveCall(FrameworkMethod.java:47)
	at org.junit.internal.runners.model.ReflectiveCallable.run(ReflectiveCallable.java:12)
	at org.junit.runners.model.FrameworkMethod.invokeExplosively(FrameworkMethod.java:44)
	at org.junit.internal.runners.statements.InvokeMethod.evaluate(InvokeMethod.java:17)
	at org.junit.runners.ParentRunner.runLeaf(ParentRunner.java:271)
	at org.junit.runners.BlockJUnit4ClassRunner.runChild(BlockJUnit4ClassRunner.java:70)
	at org.junit.runners.BlockJUnit4ClassRunner.runChild(BlockJUnit4ClassRunner.java:50)
	at org.junit.runners.ParentRunner$3.run(ParentRunner.java:238)
	at org.junit.runners.ParentRunner$1.schedule(ParentRunner.java:63)
	at org.junit.runners.ParentRunner.runChildren(ParentRunner.java:236)
	at org.junit.runners.ParentRunner.access$000(ParentRunner.java:53)
	at org.junit.runners.ParentRunner$2.evaluate(ParentRunner.java:229)
	at org.junit.runners.ParentRunner.run(ParentRunner.java:309)
	at org.apache.maven.surefire.junit4.JUnit4Provider.execute(JUnit4Provider.java:252)
	at org.apache.maven.surefire.junit4.JUnit4Provider.executeTestSet(JUnit4Provider.java:141)
	at org.apache.maven.surefire.junit4.JUnit4Provider.invoke(JUnit4Provider.java:112)
	at sun.reflect.NativeMethodAccessorImpl.invoke0(Native Method)
	at sun.reflect.NativeMethodAccessorImpl.invoke(NativeMethodAccessorImpl.java:62)
	at sun.reflect.DelegatingMethodAccessorImpl.invoke(DelegatingMethodAccessorImpl.java:43)
	at java.lang.reflect.Method.invoke(Method.java:498)
	at org.apache.maven.surefire.util.ReflectionUtils.invokeMethodWithArray(ReflectionUtils.java:189)
	at org.apache.maven.surefire.booter.ProviderFactory$ProviderProxy.invoke(ProviderFactory.java:165)
	at org.apache.maven.surefire.booter.ProviderFactory.invokeProvider(ProviderFactory.java:85)
	at org.apache.maven.surefire.booter.ForkedBooter.runSuitesInProcess(ForkedBooter.java:115)
	at org.apache.maven.surefire.booter.ForkedBooter.main(ForkedBooter.java:75)
</error>
  </testcase>
  <testcase classname="org.apache.el.TestELEvaluation" name="testElSupportCompare" time="0.002"/>
  <testcase classname="org.apache.el.TestELEvaluation" name="testBug49081a" time="0"/>
  <testcase classname="org.apache.el.TestELEvaluation" name="testBug49081b" time="0.001"/>
  <testcase classname="org.apache.el.TestELEvaluation" name="testBug49081c" time="0.001"/>
  <testcase classname="org.apache.el.TestELEvaluation" name="testBug49081d" time="0"/>
  <testcase classname="org.apache.el.TestELEvaluation" name="testBug60431a" time="0.001"/>
  <testcase classname="org.apache.el.TestELEvaluation" name="testBug60431b" time="0.001"/>
  <testcase classname="org.apache.el.TestELEvaluation" name="testBug60431c" time="0.001"/>
  <testcase classname="org.apache.el.TestELEvaluation" name="testBug60431d" time="0.001"/>
  <testcase classname="org.apache.el.TestELEvaluation" name="testBug60431e" time="0"/>
  <testcase classname="org.apache.el.TestELEvaluation" name="testParserLiteralExpression" time="0.004"/>
  <testcase classname="org.apache.el.TestELEvaluation" name="testParserBug45511" time="0.004"/>
</testsuite>