<?xml version="1.0" encoding="UTF-8" ?>
<testsuite tests="5" failures="1" name="org.apache.catalina.tribes.test.channel.TestDataIntegrity" time="163.534" errors="0" skipped="0">
  <properties>
[...]
</properties>
  <testcase classname="org.apache.catalina.tribes.test.channel.TestDataIntegrity" name="testDataSendASYNCM" time="46.551">
    <failure message="Checking success messages. expected:&lt;10000&gt; but was:&lt;9409&gt;" type="java.lang.AssertionError">java.lang.AssertionError: Checking success messages. expected:&lt;10000&gt; but was:&lt;9409&gt;
	at org.junit.Assert.fail(Assert.java:88)
	at org.junit.Assert.failNotEquals(Assert.java:743)
	at org.junit.Assert.assertEquals(Assert.java:118)
	at org.junit.Assert.assertEquals(Assert.java:555)
	at org.apache.catalina.tribes.test.channel.TestDataIntegrity.testDataSendASYNCM(TestDataIntegrity.java:127)
	at sun.reflect.NativeMethodAccessorImpl.invoke0(Native Method)
	at sun.reflect.NativeMethodAccessorImpl.invoke(NativeMethodAccessorImpl.java:62)
	at sun.reflect.DelegatingMethodAccessorImpl.invoke(DelegatingMethodAccessorImpl.java:43)
	at java.lang.reflect.Method.invoke(Method.java:498)
	at org.junit.runners.model.FrameworkMethod$1.runReflectiveCall(FrameworkMethod.java:47)
	at org.junit.internal.runners.model.ReflectiveCallable.run(ReflectiveCallable.java:12)
	at org.junit.runners.model.FrameworkMethod.invokeExplosively(FrameworkMethod.java:44)
	at org.junit.internal.runners.statements.InvokeMethod.evaluate(InvokeMethod.java:17)
	at org.junit.internal.runners.statements.RunBefores.evaluate(RunBefores.java:26)
	at org.junit.internal.runners.statements.RunAfters.evaluate(RunAfters.java:27)
	at org.junit.runners.ParentRunner.runLeaf(ParentRunner.java:271)
	at org.junit.runners.BlockJUnit4ClassRunner.runChild(BlockJUnit4ClassRunner.java:70)
	at org.junit.runners.BlockJUnit4ClassRunner.runChild(BlockJUnit4ClassRunner.java:50)
	at org.junit.runners.ParentRunner$3.run(ParentRunner.java:238)
	at org.junit.runners.ParentRunner$1.schedule(ParentRunner.java:63)
	at org.junit.runners.ParentRunner.runChildren(ParentRunner.java:236)
	at org.junit.runners.ParentRunner.access$000(ParentRunner.java:53)
	at org.junit.runners.ParentRunner$2.evaluate(ParentRunner.java:229)
	at org.junit.runners.ParentRunner.run(ParentRunner.java:309)
	at org.apache.maven.surefire.junit4.JUnit4Provider.execute(JUnit4Provider.java:252)
	at org.apache.maven.surefire.junit4.JUnit4Provider.executeTestSet(JUnit4Provider.java:141)
	at org.apache.maven.surefire.junit4.JUnit4Provider.invoke(JUnit4Provider.java:112)
	at sun.reflect.NativeMethodAccessorImpl.invoke0(Native Method)
	at sun.reflect.NativeMethodAccessorImpl.invoke(NativeMethodAccessorImpl.java:62)
	at sun.reflect.DelegatingMethodAccessorImpl.invoke(DelegatingMethodAccessorImpl.java:43)
	at java.lang.reflect.Method.invoke(Method.java:498)
	at org.apache.maven.surefire.util.ReflectionUtils.invokeMethodWithArray(ReflectionUtils.java:189)
	at org.apache.maven.surefire.booter.ProviderFactory$ProviderProxy.invoke(ProviderFactory.java:165)
	at org.apache.maven.surefire.booter.ProviderFactory.invokeProvider(ProviderFactory.java:85)
	at org.apache.maven.surefire.booter.ForkedBooter.runSuitesInProcess(ForkedBooter.java:115)
	at org.apache.maven.surefire.booter.ForkedBooter.main(ForkedBooter.java:75)
</failure>
    <system-out>Thread[Thread-855] sent 500 messages in 16793 ms.
Thread[Thread-853] sent 500 messages in 17913 ms.
Thread[Thread-851] sent 500 messages in 17934 ms.
Thread[Thread-854] sent 500 messages in 18348 ms.
Thread[Thread-852] sent 500 messages in 18463 ms.
Thread[Thread-840] sent 500 messages in 19425 ms.
Thread[Thread-847] sent 500 messages in 19586 ms.
Thread[Thread-839] sent 500 messages in 20432 ms.
Thread[Thread-838] sent 500 messages in 21274 ms.
Thread[Thread-837] sent 500 messages in 22473 ms.
Thread[Thread-849] sent 500 messages in 22414 ms.
Thread[Thread-850] sent 500 messages in 22502 ms.
Thread[Thread-842] sent 500 messages in 22565 ms.
Thread[Thread-846] sent 500 messages in 22950 ms.
Thread[Thread-845] sent 500 messages in 23575 ms.
Thread[Thread-848] sent 500 messages in 24592 ms.
Thread[Thread-844] sent 500 messages in 25000 ms.
Thread[Thread-841] sent 500 messages in 25019 ms.
Thread[Thread-843] sent 500 messages in 25421 ms.
Thread[Thread-836] sent 500 messages in 26607 ms.
</system-out>
    <system-err>Nov 02, 2017 5:50:33 PM org.apache.catalina.tribes.transport.ReceiverBase bind
INFO: Receiver Server Socket bound to:/127.0.1.1:4000
Nov 02, 2017 5:50:33 PM org.apache.catalina.tribes.membership.McastServiceImpl setupSocket
INFO: Setting cluster mcast soTimeout to 500
Nov 02, 2017 5:50:33 PM org.apache.catalina.tribes.membership.McastServiceImpl waitForMembers
INFO: Sleeping for 1000 milliseconds to establish cluster membership, start level:4
Nov 02, 2017 5:50:34 PM org.apache.catalina.tribes.membership.McastServiceImpl waitForMembers
INFO: Done sleeping, membership established, start level:4
Nov 02, 2017 5:50:34 PM org.apache.catalina.tribes.membership.McastServiceImpl waitForMembers
INFO: Sleeping for 1000 milliseconds to establish cluster membership, start level:8
Nov 02, 2017 5:50:35 PM org.apache.catalina.tribes.membership.McastServiceImpl waitForMembers
INFO: Done sleeping, membership established, start level:8
Nov 02, 2017 5:50:35 PM org.apache.catalina.tribes.transport.ReceiverBase bind
INFO: Receiver Server Socket bound to:/127.0.1.1:4001
Nov 02, 2017 5:50:35 PM org.apache.catalina.tribes.membership.McastServiceImpl setupSocket
INFO: Setting cluster mcast soTimeout to 500
Nov 02, 2017 5:50:35 PM org.apache.catalina.tribes.membership.McastServiceImpl waitForMembers
INFO: Sleeping for 1000 milliseconds to establish cluster membership, start level:4
Nov 02, 2017 5:50:36 PM org.apache.catalina.tribes.membership.McastServiceImpl waitForMembers
INFO: Done sleeping, membership established, start level:4
Nov 02, 2017 5:50:36 PM org.apache.catalina.tribes.membership.McastServiceImpl waitForMembers
INFO: Sleeping for 1000 milliseconds to establish cluster membership, start level:8
Nov 02, 2017 5:50:38 PM org.apache.catalina.tribes.membership.McastServiceImpl waitForMembers
INFO: Done sleeping, membership established, start level:8
Starting ASYNC MULTI THREAD
SUCCESS:1003
SUCCESS:2000
SUCCESS:3000
SUCCESS:4000
SUCCESS:5000
SUCCESS:6000
SUCCESS:7000
SUCCESS:8000
SUCCESS:9000
Finished ASYNC MULTI THREAD [9409]
Nov 02, 2017 5:51:19 PM org.apache.catalina.tribes.transport.nio.ParallelNioSender doLoop
WARNING: Member send is failing for:tcp://127.0.1.1:4001 ; Setting to suspect and retrying.
Nov 02, 2017 5:51:22 PM org.apache.catalina.tribes.membership.McastServiceImpl$ReceiverThread run
WARNING: Error receiving mcast package. Sleeping 500ms
java.net.SocketException: Socket closed
	at java.net.PlainDatagramSocketImpl.receive0(Native Method)
	at java.net.AbstractPlainDatagramSocketImpl.receive(AbstractPlainDatagramSocketImpl.java:143)
	at java.net.DatagramSocket.receive(DatagramSocket.java:812)
	at org.apache.catalina.tribes.membership.McastServiceImpl.receive(McastServiceImpl.java:314)
	at org.apache.catalina.tribes.membership.McastServiceImpl$ReceiverThread.run(McastServiceImpl.java:414)

</system-err>
  </testcase>
  <testcase classname="org.apache.catalina.tribes.test.channel.TestDataIntegrity" name="testDataSendNO_ACK" time="38.542"/>
  <testcase classname="org.apache.catalina.tribes.test.channel.TestDataIntegrity" name="testDataSendACK" time="37.105"/>
  <testcase classname="org.apache.catalina.tribes.test.channel.TestDataIntegrity" name="testDataSendASYNC" time="5.008"/>
  <testcase classname="org.apache.catalina.tribes.test.channel.TestDataIntegrity" name="testDataSendSYNCACK" time="36.328"/>
</testsuite>