<?xml version="1.0" encoding="UTF-8" ?>
<testsuite tests="1" failures="0" name="org.apache.catalina.connector.TestSendFile" time="0.394" errors="1" skipped="0">
  <properties>
[...]
</properties>
  <testcase classname="org.apache.catalina.connector.TestSendFile" name="testSendFile" time="0.394">
    <error type="java.lang.ExceptionInInitializerError">java.lang.ExceptionInInitializerError
	at org.apache.catalina.connector.TestSendFile.testSendFile(TestSendFile.java:62)
	at sun.reflect.NativeMethodAccessorImpl.invoke0(Native Method)
	at sun.reflect.NativeMethodAccessorImpl.invoke(NativeMethodAccessorImpl.java:62)
	at sun.reflect.DelegatingMethodAccessorImpl.invoke(DelegatingMethodAccessorImpl.java:43)
	at java.lang.reflect.Method.invoke(Method.java:498)
	at org.junit.runners.model.FrameworkMethod$1.runReflectiveCall(FrameworkMethod.java:47)
	at org.junit.internal.runners.model.ReflectiveCallable.run(ReflectiveCallable.java:12)
	at org.junit.runners.model.FrameworkMethod.invokeExplosively(FrameworkMethod.java:44)
	at org.junit.internal.runners.statements.InvokeMethod.evaluate(InvokeMethod.java:17)
	at org.junit.internal.runners.statements.RunBefores.evaluate(RunBefores.java:26)
	at org.junit.internal.runners.statements.RunAfters.evaluate(RunAfters.java:27)
	at org.junit.rules.TestWatcher$1.evaluate(TestWatcher.java:55)
	at org.junit.rules.RunRules.evaluate(RunRules.java:20)
	at org.junit.runners.ParentRunner.runLeaf(ParentRunner.java:271)
	at org.junit.runners.BlockJUnit4ClassRunner.runChild(BlockJUnit4ClassRunner.java:70)
	at org.junit.runners.BlockJUnit4ClassRunner.runChild(BlockJUnit4ClassRunner.java:50)
	at org.junit.runners.ParentRunner$3.run(ParentRunner.java:238)
	at org.junit.runners.ParentRunner$1.schedule(ParentRunner.java:63)
	at org.junit.runners.ParentRunner.runChildren(ParentRunner.java:236)
	at org.junit.runners.ParentRunner.access$000(ParentRunner.java:53)
	at org.junit.runners.ParentRunner$2.evaluate(ParentRunner.java:229)
	at org.junit.runners.ParentRunner.run(ParentRunner.java:309)
	at org.apache.maven.surefire.junit4.JUnit4Provider.execute(JUnit4Provider.java:252)
	at org.apache.maven.surefire.junit4.JUnit4Provider.executeTestSet(JUnit4Provider.java:141)
	at org.apache.maven.surefire.junit4.JUnit4Provider.invoke(JUnit4Provider.java:112)
	at sun.reflect.NativeMethodAccessorImpl.invoke0(Native Method)
	at sun.reflect.NativeMethodAccessorImpl.invoke(NativeMethodAccessorImpl.java:62)
	at sun.reflect.DelegatingMethodAccessorImpl.invoke(DelegatingMethodAccessorImpl.java:43)
	at java.lang.reflect.Method.invoke(Method.java:498)
	at org.apache.maven.surefire.util.ReflectionUtils.invokeMethodWithArray(ReflectionUtils.java:189)
	at org.apache.maven.surefire.booter.ProviderFactory$ProviderProxy.invoke(ProviderFactory.java:165)
	at org.apache.maven.surefire.booter.ProviderFactory.invokeProvider(ProviderFactory.java:85)
	at org.apache.maven.surefire.booter.ForkedBooter.runSuitesInProcess(ForkedBooter.java:115)
	at org.apache.maven.surefire.booter.ForkedBooter.main(ForkedBooter.java:75)
Caused by: java.util.MissingResourceException: Can&apos;t find bundle for base name javax.servlet.http.LocalStrings, locale en_US
	at java.util.ResourceBundle.throwMissingResourceException(ResourceBundle.java:1564)
	at java.util.ResourceBundle.getBundleImpl(ResourceBundle.java:1387)
	at java.util.ResourceBundle.getBundle(ResourceBundle.java:773)
	at javax.servlet.http.HttpServlet.&lt;clinit&gt;(HttpServlet.java:93)
	... 34 more
</error>
    <system-out>Created file:/tmp/testSendFile-1509642099232-0.txt with 100000 bytes.
Created file:/tmp/testSendFile-1509642099236-1.txt with 200000 bytes.
Created file:/tmp/testSendFile-1509642099239-2.txt with 300000 bytes.
Created file:/tmp/testSendFile-1509642099242-3.txt with 400000 bytes.
Created file:/tmp/testSendFile-1509642099249-4.txt with 500000 bytes.
Created file:/tmp/testSendFile-1509642099255-5.txt with 600000 bytes.
Created file:/tmp/testSendFile-1509642099269-6.txt with 700000 bytes.
Created file:/tmp/testSendFile-1509642099280-7.txt with 800000 bytes.
Created file:/tmp/testSendFile-1509642099302-8.txt with 900000 bytes.
Created file:/tmp/testSendFile-1509642099353-9.txt with 1000000 bytes.
</system-out>
    <system-err>Nov 02, 2017 6:01:39 PM org.apache.catalina.startup.LoggingBaseTest setUp
INFO: Starting test case [testSendFile]
Nov 02, 2017 6:01:39 PM org.apache.catalina.startup.CatalinaProperties loadProperties
WARNING: Failed to load catalina.properties
</system-err>
  </testcase>
</testsuite>